#
# There is insufficient memory for the Java Runtime Environment to continue.
# Native memory allocation (mmap) failed to map 335544320 bytes for G1 virtual space
# Possible reasons:
#   The system is out of physical RAM or swap space
#   The process is running with CompressedOops enabled, and the Java Heap may be blocking the growth of the native heap
# Possible solutions:
#   Reduce memory load on the system
#   Increase physical memory or swap space
#   Check if swap backing store is full
#   Decrease Java heap size (-Xmx/-Xms)
#   Decrease number of Java threads
#   Decrease Java thread stack sizes (-Xss)
#   Set larger code cache with -XX:ReservedCodeCacheSize=
#   JVM is running with Zero Based Compressed Oops mode in which the Java heap is
#     placed in the first 32GB address space. The Java Heap base address is the
#     maximum limit for the native heap growth. Please use -XX:HeapBaseMinAddress
#     to set the Java Heap base and to place the Java Heap above 32GB virtual address.
# This output file may be truncated or incomplete.
#
#  Out of Memory Error (os_windows.cpp:3825), pid=14772, tid=16292
#
# JRE version:  (17.0.9+7) (build )
# Java VM: OpenJDK 64-Bit Server VM (17.0.9+7-b1087.11, mixed mode, sharing, tiered, compressed oops, compressed class ptrs, g1 gc, windows-amd64)
# No core dump will be written. Minidumps are not enabled by default on client versions of Windows
#

---------------  S U M M A R Y ------------

Command Line: git4idea.http.GitAskPassApp Username for 'https://github.com': 

Host: Intel(R) Core(TM) i5-7200U CPU @ 2.50GHz, 4 cores, 19G,  Windows 10 , 64 bit Build 19041 (10.0.19041.4957)
Time: Tue Oct 15 23:29:11 2024 RTZ 2 (s 10 , 64 bit Build 19041 (10.0.19041.4957) elapsed time: 0.016895 seconds (0d 0h 0m 0s)

---------------  T H R E A D  ---------------

Current thread (0x000001f513e02c80):  JavaThread "Unknown thread" [_thread_in_vm, id=16292, stack(0x0000005ab4f00000,0x0000005ab5000000)]

Stack: [0x0000005ab4f00000,0x0000005ab5000000]
Native frames: (J=compiled Java code, j=interpreted, Vv=VM code, C=native code)
V  [jvm.dll+0x688349]
V  [jvm.dll+0x841bfa]
V  [jvm.dll+0x84383e]
V  [jvm.dll+0x843ea3]
V  [jvm.dll+0x24bdef]
V  [jvm.dll+0x6850f9]
V  [jvm.dll+0x67988a]
V  [jvm.dll+0x30cbfb]
V  [jvm.dll+0x3140a6]
V  [jvm.dll+0x363ede]
V  [jvm.dll+0x36410f]
V  [jvm.dll+0x2e29c8]
V  [jvm.dll+0x2e3934]
V  [jvm.dll+0x812771]
V  [jvm.dll+0x371d41]
V  [jvm.dll+0x7f12bc]
V  [jvm.dll+0x3f59cf]
V  [jvm.dll+0x3f7601]
C  [jli.dll+0x528f]
C  [ucrtbase.dll+0x21bb2]
C  [KERNEL32.DLL+0x17374]
C  [ntdll.dll+0x4cc91]


---------------  P R O C E S S  ---------------

Threads class SMR info:
_java_thread_list=0x00007ffec166df18, length=0, elements={
}

Java Threads: ( => current thread )

Other Threads:
  0x000001f513e7a300 GCTaskThread "GC Thread#0" [stack: 0x0000005ab5000000,0x0000005ab5100000] [id=1852]
  0x000001f513e85070 ConcurrentGCThread "G1 Main Marker" [stack: 0x0000005ab5100000,0x0000005ab5200000] [id=10184]
  0x000001f513e86140 ConcurrentGCThread "G1 Conc#0" [stack: 0x0000005ab5200000,0x0000005ab5300000] [id=11200]

[error occurred during error reporting (printing all threads), id 0xc0000005, EXCEPTION_ACCESS_VIOLATION (0xc0000005) at pc=0x00007ffec0e23597]

VM state: not at safepoint (not fully initialized)

VM Mutex/Monitor currently owned by a thread:  ([mutex/lock_event])
[0x000001f513dfe2e0] Heap_lock - owner thread: 0x000001f513e02c80

Heap address: 0x00000006c1c00000, size: 5092 MB, Compressed Oops mode: Zero based, Oop shift amount: 3

CDS archive(s) mapped at: [0x0000000000000000-0x0000000000000000-0x0000000000000000), size 0, SharedBaseAddress: 0x0000000800000000, ArchiveRelocationMode: 1.
Narrow klass base: 0x0000000000000000, Narrow klass shift: 0, Narrow klass range: 0x0

GC Precious Log:
<Empty>

Heap:
 garbage-first heap   total 0K, used 0K [0x00000006c1c00000, 0x0000000800000000)
  region size 4096K, 0 young (0K), 0 survivors (0K)
 Metaspace       used 0K, committed 0K, reserved 0K
  class space    used 0K, committed 0K, reserved 0K

Heap Regions: E=young(eden), S=young(survivor), O=old, HS=humongous(starts), HC=humongous(continues), CS=collection set, F=free, OA=open archive, CA=closed archive, TAMS=top-at-mark-start (previous, next)

Card table byte_map: [0x000001f528d60000,0x000001f529760000] _byte_map_base: 0x000001f525752000

Marking Bits (Prev, Next): (CMBitMap*) 0x000001f513e7a830, (CMBitMap*) 0x000001f513e7a870
 Prev Bits: [0x000001f52a160000, 0x000001f52f0f0000)
 Next Bits: [0x000001f52f0f0000, 0x000001f534080000)

GC Heap History (0 events):
No events

Dll operation events (1 events):
Event: 0.008 Loaded shared library C:\Program Files\JetBrains\IntelliJ IDEA 2023.3.3\jbr\bin\java.dll

Deoptimization events (0 events):
No events

Classes unloaded (0 events):
No events

Classes redefined (0 events):
No events

Internal exceptions (0 events):
No events

VM Operations (0 events):
No events

Events (0 events):
No events


Dynamic libraries:
0x00007ff7e60e0000 - 0x00007ff7e60ea000 	C:\Program Files\JetBrains\IntelliJ IDEA 2023.3.3\jbr\bin\java.exe
0x00007fff0a390000 - 0x00007fff0a588000 	C:\WINDOWS\SYSTEM32\ntdll.dll
0x00007fff0a0d0000 - 0x00007fff0a192000 	C:\WINDOWS\System32\KERNEL32.DLL
0x00007fff080b0000 - 0x00007fff083ae000 	C:\WINDOWS\System32\KERNELBASE.dll
0x00007fff07df0000 - 0x00007fff07ef0000 	C:\WINDOWS\System32\ucrtbase.dll
0x00007fff00670000 - 0x00007fff0068b000 	C:\Program Files\JetBrains\IntelliJ IDEA 2023.3.3\jbr\bin\VCRUNTIME140.dll
0x00007fff01990000 - 0x00007fff019a7000 	C:\Program Files\JetBrains\IntelliJ IDEA 2023.3.3\jbr\bin\jli.dll
0x00007fff096a0000 - 0x00007fff0983d000 	C:\WINDOWS\System32\USER32.dll
0x00007ffeec420000 - 0x00007ffeec6ba000 	C:\WINDOWS\WinSxS\amd64_microsoft.windows.common-controls_6595b64144ccf1df_6.0.19041.4355_none_60b8b9eb71f62e16\COMCTL32.dll
0x00007fff07a30000 - 0x00007fff07a52000 	C:\WINDOWS\System32\win32u.dll
0x00007fff08b20000 - 0x00007fff08bbe000 	C:\WINDOWS\System32\msvcrt.dll
0x00007fff09550000 - 0x00007fff0957b000 	C:\WINDOWS\System32\GDI32.dll
0x00007fff07f90000 - 0x00007fff080a7000 	C:\WINDOWS\System32\gdi32full.dll
0x00007fff07ef0000 - 0x00007fff07f8d000 	C:\WINDOWS\System32\msvcp_win.dll
0x00007fff09930000 - 0x00007fff0995f000 	C:\WINDOWS\System32\IMM32.DLL
0x00007fff00cb0000 - 0x00007fff00cbc000 	C:\Program Files\JetBrains\IntelliJ IDEA 2023.3.3\jbr\bin\vcruntime140_1.dll
0x00007ffee6430000 - 0x00007ffee64bd000 	C:\Program Files\JetBrains\IntelliJ IDEA 2023.3.3\jbr\bin\msvcp140.dll
0x00007ffec0b30000 - 0x00007ffec17b2000 	C:\Program Files\JetBrains\IntelliJ IDEA 2023.3.3\jbr\bin\server\jvm.dll
0x00007fff09850000 - 0x00007fff09902000 	C:\WINDOWS\System32\ADVAPI32.dll
0x00007fff0a030000 - 0x00007fff0a0d0000 	C:\WINDOWS\System32\sechost.dll
0x00007fff09ba0000 - 0x00007fff09cc3000 	C:\WINDOWS\System32\RPCRT4.dll
0x00007fff07ad0000 - 0x00007fff07af7000 	C:\WINDOWS\System32\bcrypt.dll
0x00007fff06fa0000 - 0x00007fff06feb000 	C:\WINDOWS\SYSTEM32\POWRPROF.dll
0x00007ffeed180000 - 0x00007ffeed189000 	C:\WINDOWS\SYSTEM32\WSOCK32.dll
0x00007fff094e0000 - 0x00007fff0954b000 	C:\WINDOWS\System32\WS2_32.dll
0x00007ffeec3a0000 - 0x00007ffeec3c7000 	C:\WINDOWS\SYSTEM32\WINMM.dll
0x00007fff01aa0000 - 0x00007fff01aaa000 	C:\WINDOWS\SYSTEM32\VERSION.dll
0x00007fff06e00000 - 0x00007fff06e12000 	C:\WINDOWS\SYSTEM32\UMPDC.dll
0x00007fff06260000 - 0x00007fff06272000 	C:\WINDOWS\SYSTEM32\kernel.appcore.dll
0x00007fff02570000 - 0x00007fff0257a000 	C:\Program Files\JetBrains\IntelliJ IDEA 2023.3.3\jbr\bin\jimage.dll
0x00007fff05f30000 - 0x00007fff06114000 	C:\WINDOWS\SYSTEM32\DBGHELP.DLL
0x00007ffeffbb0000 - 0x00007ffeffbe4000 	C:\WINDOWS\SYSTEM32\dbgcore.DLL
0x00007fff07d60000 - 0x00007fff07de2000 	C:\WINDOWS\System32\bcryptPrimitives.dll
0x00007fff00690000 - 0x00007fff006b5000 	C:\Program Files\JetBrains\IntelliJ IDEA 2023.3.3\jbr\bin\java.dll

dbghelp: loaded successfully - version: 4.0.5 - missing functions: none
symbol engine: initialized successfully - sym options: 0x614 - pdb path: .;C:\Program Files\JetBrains\IntelliJ IDEA 2023.3.3\jbr\bin;C:\WINDOWS\SYSTEM32;C:\WINDOWS\WinSxS\amd64_microsoft.windows.common-controls_6595b64144ccf1df_6.0.19041.4355_none_60b8b9eb71f62e16;C:\Program Files\JetBrains\IntelliJ IDEA 2023.3.3\jbr\bin\server

VM Arguments:
java_command: git4idea.http.GitAskPassApp Username for 'https://github.com': 
java_class_path (initial): C:/Program Files/JetBrains/IntelliJ IDEA 2023.3.3/plugins/vcs-git/lib/git4idea-rt.jar;C:/Program Files/JetBrains/IntelliJ IDEA 2023.3.3/lib/externalProcess-rt.jar
Launcher Type: SUN_STANDARD

[Global flags]
     intx CICompilerCount                          = 3                                         {product} {ergonomic}
     uint ConcGCThreads                            = 1                                         {product} {ergonomic}
     uint G1ConcRefinementThreads                  = 4                                         {product} {ergonomic}
   size_t G1HeapRegionSize                         = 4194304                                   {product} {ergonomic}
    uintx GCDrainStackTargetSize                   = 64                                        {product} {ergonomic}
   size_t InitialHeapSize                          = 335544320                                 {product} {ergonomic}
   size_t MarkStackSize                            = 4194304                                   {product} {ergonomic}
   size_t MaxHeapSize                              = 5339348992                                {product} {ergonomic}
   size_t MinHeapDeltaBytes                        = 4194304                                   {product} {ergonomic}
   size_t MinHeapSize                              = 8388608                                   {product} {ergonomic}
    uintx NonNMethodCodeHeapSize                   = 5832780                                {pd product} {ergonomic}
    uintx NonProfiledCodeHeapSize                  = 122912730                              {pd product} {ergonomic}
    uintx ProfiledCodeHeapSize                     = 122912730                              {pd product} {ergonomic}
    uintx ReservedCodeCacheSize                    = 251658240                              {pd product} {ergonomic}
     bool SegmentedCodeCache                       = true                                      {product} {ergonomic}
   size_t SoftMaxHeapSize                          = 5339348992                             {manageable} {ergonomic}
     bool UseCompressedClassPointers               = true                           {product lp64_product} {ergonomic}
     bool UseCompressedOops                        = true                           {product lp64_product} {ergonomic}
     bool UseG1GC                                  = true                                      {product} {ergonomic}
     bool UseLargePagesIndividualAllocation        = false                                  {pd product} {ergonomic}

Logging:
Log output configuration:
 #0: stdout all=warning uptime,level,tags
 #1: stderr all=off uptime,level,tags

Environment Variables:
PATH=C:\Program Files\Git\mingw64\libexec\git-core;C:\Program Files\Git\mingw64\libexec\git-core;C:\Program Files\Git\mingw64\bin;C:\Program Files\Git\usr\bin;C:\Users\1\bin;C:\Program Files\Common Files\Oracle\Java\javapath;C:\Windows\system32;C:\Windows;C:\Windows\System32\Wbem;C:\Windows\System32\WindowsPowerShell\v1.0;C:\Windows\System32\OpenSSH;C:\Program Files (x86)\NVIDIA Corporation\PhysX\Common;C:\Program Files\Intel\WiFi\bin;C:\Program Files\Common Files\Intel\WirelessCommon;C:\ProgramData\chocolatey\bin;C:\WINDOWS\system32;C:\WINDOWS;C:\WINDOWS\System32\Wbem;C:\WINDOWS\System32\WindowsPowerShell\v1.0;C:\WINDOWS\System32\OpenSSH;C:\Program Files\nodejs;C:\Program Files (x86)\dotnet;C:\Program Files\Git\cmd;C:\Program Files\Docker\Docker\resources\bin;C:\Users\1\AppData\Local\Programs\Python\Python311;C:\Users\1\AppData\Local\Programs\Python\Python311\scripts;C:\Users\1\AppData\Local\Programs\Python\Python311\Scripts;C:\Users\1\AppData\Local\Programs\Python\Python311;C:\Users\1\.cargo\bin;C:\Users\1\AppData\Local\Microsoft\WindowsApps;C:\Program Files\JetBrains\IntelliJ IDEA 2023.3.3\bin;C:\Users\1\AppData\Roaming\npm;C:\Program Files\JetBrains\PyCharm 2024.1.2\bin;C:\tools\dart-sdk\bin;C:\Users\1\AppData\Local\Pub\Cache\bin
USERNAME=1
DISPLAY=:0.0
LC_ALL=en_US.UTF-8
TERM=xterm-256color
TMPDIR=C:\Users\1\AppData\Local\Temp
OS=Windows_NT
PROCESSOR_IDENTIFIER=Intel64 Family 6 Model 142 Stepping 9, GenuineIntel
TMP=C:\Users\1\AppData\Local\Temp
TEMP=C:\Users\1\AppData\Local\Temp



Periodic native trim disabled

JNI global refs:
JNI global refs: 0, weak refs: 0

JNI global refs memory usage: 0, weak refs: 0

OOME stack traces (most recent first):
Classloader memory used:


---------------  S Y S T E M  ---------------

OS:
 Windows 10 , 64 bit Build 19041 (10.0.19041.4957)
OS uptime: 5 days 20:29 hours
Hyper-V role detected

CPU: total 4 (initial active 4) (2 cores per cpu, 2 threads per core) family 6 model 142 stepping 9 microcode 0xb4, cx8, cmov, fxsr, ht, mmx, 3dnowpref, sse, sse2, sse3, ssse3, sse4.1, sse4.2, popcnt, lzcnt, tsc, tscinvbit, avx, avx2, aes, erms, clmul, bmi1, bmi2, adx, fma, vzeroupper, clflush, clflushopt, hv
Processor Information for all 4 processors :
  Max Mhz: 2712, Current Mhz: 2511, Mhz Limit: 2495

Memory: 4k page, system-wide physical 20366M (4282M free)
TotalPageFile size 21390M (AvailPageFile size 128M)
current process WorkingSet (physical memory assigned to process): 10M, peak: 10M
current process commit charge ("private bytes"): 51M, peak: 371M

vm_info: OpenJDK 64-Bit Server VM (17.0.9+7-b1087.11) for windows-amd64 JRE (17.0.9+7-b1087.11), built on 2024-01-05 by "builduser" with MS VC++ 16.10 / 16.11 (VS2019)

END.
